\BOOKMARK [0][-]{chapter*.1}{\376\377\000A\000c\000k\000n\000o\000w\000l\000e\000d\000g\000e\000m\000e\000n\000t\000s}{}% 1
\BOOKMARK [0][-]{chapter.1}{\376\377\000I\000n\000t\000r\000o\000d\000u\000c\000t\000i\000o\000n}{}% 2
\BOOKMARK [1][-]{section.1.1}{\376\377\000B\000a\000c\000k\000g\000r\000o\000u\000n\000d}{chapter.1}% 3
\BOOKMARK [1][-]{section.1.2}{\376\377\000S\000w\000i\000f\000t\000\040\000i\000n\000\040\000S\000e\000r\000v\000e\000r\000l\000e\000s\000s\000\040\000C\000o\000m\000p\000u\000t\000i\000n\000g}{chapter.1}% 4
\BOOKMARK [1][-]{section.1.3}{\376\377\000C\000h\000o\000i\000c\000e\000\040\000o\000f\000\040\000S\000e\000r\000v\000e\000r\000l\000e\000s\000s\000\040\000E\000n\000v\000i\000r\000o\000n\000m\000e\000n\000t\000:\000\040\000O\000p\000e\000n\000W\000h\000i\000s\000k}{chapter.1}% 5
\BOOKMARK [1][-]{section.1.4}{\376\377\000C\000a\000s\000e\000\040\000S\000t\000u\000d\000y\000:\000\040\000S\000y\000n\000c\000h\000r\000o\000n\000i\000z\000a\000t\000i\000o\000n\000\040\000S\000y\000s\000t\000e\000m\000\040\000i\000n\000\040\000e\000C\000o\000m\000m\000e\000r\000c\000e}{chapter.1}% 6
\BOOKMARK [1][-]{section.1.5}{\376\377\000O\000b\000j\000e\000c\000t\000i\000v\000e}{chapter.1}% 7
\BOOKMARK [1][-]{section.1.6}{\376\377\000R\000e\000s\000e\000a\000r\000c\000h\000\040\000Q\000u\000e\000s\000t\000i\000o\000n\000s}{chapter.1}% 8
\BOOKMARK [2][-]{subsection.1.6.1}{\376\377\000P\000e\000r\000f\000o\000r\000m\000a\000n\000c\000e\000\040\000C\000o\000m\000p\000a\000r\000i\000s\000o\000n}{section.1.6}% 9
\BOOKMARK [2][-]{subsection.1.6.2}{\376\377\000E\000a\000s\000e\000\040\000o\000f\000\040\000D\000e\000v\000e\000l\000o\000p\000m\000e\000n\000t}{section.1.6}% 10
\BOOKMARK [0][-]{chapter.2}{\376\377\000R\000e\000l\000a\000t\000e\000d\000\040\000W\000o\000r\000k}{}% 11
\BOOKMARK [0][-]{chapter.3}{\376\377\000U\000p\000d\000a\000t\000i\000n\000g\000\040\000t\000h\000e\000\040\000S\000w\000i\000f\000t\000\040\000r\000u\000n\000t\000i\000m\000e}{}% 12
\BOOKMARK [1][-]{section.3.1}{\376\377\000I\000n\000t\000r\000o\000d\000u\000c\000t\000i\000o\000n}{chapter.3}% 13
\BOOKMARK [1][-]{section.3.2}{\376\377\000O\000v\000e\000r\000v\000i\000e\000w\000\040\000o\000f\000\040\000t\000h\000e\000\040\000o\000f\000f\000i\000c\000i\000a\000l\000l\000y\000\040\000s\000u\000p\000p\000o\000r\000t\000e\000d\000\040\000S\000w\000i\000f\000t\000\040\000r\000u\000n\000t\000i\000m\000e\000\040\000i\000n\000\040\000O\000p\000e\000n\000W\000h\000i\000s\000k}{chapter.3}% 14
\BOOKMARK [1][-]{section.3.3}{\376\377\000S\000w\000i\000f\000t\000\040\0005\000.\0005\000\040\000E\000n\000h\000a\000n\000c\000e\000m\000e\000n\000t\000s\000\040\000a\000n\000d\000\040\000t\000h\000e\000i\000r\000\040\000I\000m\000p\000a\000c\000t}{chapter.3}% 15
\BOOKMARK [2][-]{subsection.3.3.1}{\376\377\000C\000o\000n\000c\000u\000r\000r\000e\000n\000c\000y\000\040\000S\000u\000p\000p\000o\000r\000t\000\040\000a\000n\000d\000\040\000A\000s\000y\000n\000c\000/\000A\000w\000a\000i\000t}{section.3.3}% 16
\BOOKMARK [2][-]{subsection.3.3.2}{\376\377\000S\000t\000r\000u\000c\000t\000u\000r\000e\000d\000\040\000C\000o\000n\000c\000u\000r\000r\000e\000n\000c\000y}{section.3.3}% 17
\BOOKMARK [2][-]{subsection.3.3.3}{\376\377\000A\000c\000t\000o\000r\000\040\000M\000o\000d\000e\000l}{section.3.3}% 18
\BOOKMARK [2][-]{subsection.3.3.4}{\376\377\000S\000w\000i\000f\000t\000N\000I\000O\000\040\0002}{section.3.3}% 19
\BOOKMARK [2][-]{subsection.3.3.5}{\376\377\000I\000m\000p\000a\000c\000t\000\040\000o\000n\000\040\000t\000h\000e\000\040\000S\000y\000n\000c\000h\000r\000o\000n\000i\000z\000a\000t\000i\000o\000n\000\040\000S\000y\000s\000t\000e\000m\000\040\000C\000a\000s\000e\000\040\000S\000t\000u\000d\000y}{section.3.3}% 20
\BOOKMARK [1][-]{section.3.4}{\376\377\000U\000n\000d\000e\000r\000s\000t\000a\000n\000d\000i\000n\000g\000\040\000R\000u\000n\000t\000i\000m\000e\000s\000\040\000i\000n\000\040\000O\000p\000e\000n\000W\000h\000i\000s\000k}{chapter.3}% 21
\BOOKMARK [1][-]{section.3.5}{\376\377\000A\000c\000t\000i\000o\000n\000s\000\040\000i\000n\000\040\000O\000p\000e\000n\000W\000h\000i\000s\000k}{chapter.3}% 22
\BOOKMARK [2][-]{subsection.3.5.1}{\376\377\000A\000c\000t\000i\000o\000n\000\040\000I\000n\000t\000e\000r\000f\000a\000c\000e\000\040\000i\000n\000\040\000O\000p\000e\000n\000W\000h\000i\000s\000k}{section.3.5}% 23
\BOOKMARK [2][-]{subsection.3.5.2}{\376\377\000A\000c\000t\000i\000o\000n\000L\000o\000o\000p\000\040\000P\000r\000o\000x\000y\000\040\000i\000n\000\040\000O\000p\000e\000n\000W\000h\000i\000s\000k}{section.3.5}% 24
\BOOKMARK [2][-]{subsection.3.5.3}{\376\377\000C\000o\000m\000p\000i\000l\000i\000n\000g\000\040\000a\000\040\000S\000w\000i\000f\000t\000\040\000a\000c\000t\000i\000o\000n\000\040\000w\000i\000t\000h\000\040\000t\000h\000e\000\040\000A\000c\000t\000i\000o\000n\000L\000o\000o\000p\000\040\000P\000r\000o\000x\000y}{section.3.5}% 25
\BOOKMARK [1][-]{section.3.6}{\376\377\000P\000r\000o\000c\000e\000s\000s\000\040\000o\000f\000\040\000U\000p\000d\000a\000t\000i\000n\000g\000\040\000t\000h\000e\000\040\000S\000w\000i\000f\000t\000\040\000R\000u\000n\000t\000i\000m\000e}{chapter.3}% 26
\BOOKMARK [1][-]{section.3.7}{\376\377\000C\000h\000a\000l\000l\000e\000n\000g\000e\000s\000\040\000E\000n\000c\000o\000u\000n\000t\000e\000r\000e\000d}{chapter.3}% 27
\BOOKMARK [0][-]{chapter.4}{\376\377\000P\000e\000r\000f\000o\000r\000m\000a\000n\000c\000e\000\040\000C\000o\000m\000p\000a\000r\000i\000s\000o\000n}{}% 28
\BOOKMARK [1][-]{section.4.1}{\376\377\000V\000a\000l\000u\000e\000\040\000T\000y\000p\000e\000s\000\040\000v\000s\000\040\000R\000e\000f\000e\000r\000e\000n\000c\000e\000\040\000T\000y\000p\000e\000s\000\040\000a\000n\000d\000\040\000C\000o\000p\000y\000-\000O\000n\000-\000W\000r\000i\000t\000e}{chapter.4}% 29
\BOOKMARK [2][-]{subsection.4.1.1}{\376\377\000V\000a\000l\000u\000e\000\040\000T\000y\000p\000e\000s}{section.4.1}% 30
\BOOKMARK [2][-]{subsection.4.1.2}{\376\377\000R\000e\000f\000e\000r\000e\000n\000c\000e\000\040\000T\000y\000p\000e\000s}{section.4.1}% 31
\BOOKMARK [2][-]{subsection.4.1.3}{\376\377\000C\000o\000p\000y\000-\000O\000n\000-\000W\000r\000i\000t\000e\000\040\000\050\000C\000o\000W\000\051}{section.4.1}% 32
\BOOKMARK [2][-]{subsection.4.1.4}{\376\377\000P\000e\000r\000f\000o\000r\000m\000a\000n\000c\000e\000\040\000B\000e\000n\000e\000f\000i\000t\000s}{section.4.1}% 33
\BOOKMARK [1][-]{section.4.2}{\376\377\000Q\000u\000a\000l\000i\000t\000i\000v\000e\000\040\000C\000o\000m\000p\000a\000r\000i\000s\000o\000n\000\040\000w\000i\000t\000h\000\040\000G\000o\000,\000\040\000J\000a\000v\000a\000,\000\040\000J\000a\000v\000a\000s\000c\000r\000i\000p\000t\000,\000\040\000a\000n\000d\000\040\000P\000y\000t\000h\000o\000n}{chapter.4}% 34
\BOOKMARK [2][-]{subsection.4.2.1}{\376\377\000G\000o}{section.4.2}% 35
\BOOKMARK [2][-]{subsection.4.2.2}{\376\377\000P\000y\000t\000h\000o\000n}{section.4.2}% 36
\BOOKMARK [2][-]{subsection.4.2.3}{\376\377\000N\000o\000d\000e\000.\000j\000s\000\040\000\050\000J\000a\000v\000a\000S\000c\000r\000i\000p\000t\000\051}{section.4.2}% 37
\BOOKMARK [2][-]{subsection.4.2.4}{\376\377\000J\000a\000v\000a}{section.4.2}% 38
\BOOKMARK [1][-]{section.4.3}{\376\377\000S\000u\000m\000m\000a\000r\000y}{chapter.4}% 39
\BOOKMARK [0][-]{chapter.5}{\376\377\000E\000a\000s\000e\000\040\000o\000f\000\040\000D\000e\000v\000e\000l\000o\000p\000m\000e\000n\000t}{}% 40
\BOOKMARK [1][-]{section.5.1}{\376\377\000L\000a\000n\000g\000u\000a\000g\000e\000\040\000S\000i\000m\000p\000l\000i\000c\000i\000t\000y\000\040\000a\000n\000d\000\040\000S\000y\000n\000t\000a\000x}{chapter.5}% 41
\BOOKMARK [1][-]{section.5.2}{\376\377\000A\000v\000a\000i\000l\000a\000b\000l\000e\000\040\000L\000i\000b\000r\000a\000r\000i\000e\000s\000\040\000a\000n\000d\000\040\000F\000r\000a\000m\000e\000w\000o\000r\000k\000s}{chapter.5}% 42
\BOOKMARK [2][-]{subsection.5.2.1}{\376\377\000W\000e\000b\000\040\000D\000e\000v\000e\000l\000o\000p\000m\000e\000n\000t}{section.5.2}% 43
\BOOKMARK [2][-]{subsection.5.2.2}{\376\377\000D\000e\000v\000e\000l\000o\000p\000e\000r\000\040\000c\000o\000m\000m\000u\000n\000i\000t\000y\000\040\000a\000n\000d\000\040\000s\000u\000p\000p\000o\000r\000t}{section.5.2}% 44
\BOOKMARK [2][-]{subsection.5.2.3}{\376\377\000T\000o\000o\000l\000i\000n\000g\000\040\000a\000n\000d\000\040\000I\000D\000E\000\040\000s\000u\000p\000p\000o\000r\000t}{section.5.2}% 45
\BOOKMARK [2][-]{subsection.5.2.4}{\376\377\000I\000n\000t\000e\000g\000r\000a\000t\000i\000o\000n\000\040\000w\000i\000t\000h\000\040\000s\000e\000r\000v\000e\000r\000l\000e\000s\000s\000\040\000p\000l\000a\000t\000f\000o\000r\000m\000s}{section.5.2}% 46
\BOOKMARK [2][-]{subsection.5.2.5}{\376\377\000L\000e\000a\000r\000n\000i\000n\000g\000\040\000c\000u\000r\000v\000e}{section.5.2}% 47
\BOOKMARK [2][-]{subsection.5.2.6}{\376\377\000L\000i\000n\000u\000x\000\040\000S\000u\000p\000p\000o\000r\000t}{section.5.2}% 48
\BOOKMARK [0][-]{chapter.6}{\376\377\000S\000y\000n\000c\000h\000r\000o\000n\000i\000z\000a\000t\000i\000o\000n\000\040\000S\000y\000s\000t\000e\000m\000\040\000C\000a\000s\000e\000\040\000S\000t\000u\000d\000y}{}% 49
\BOOKMARK [1][-]{section.6.1}{\376\377\000S\000y\000s\000t\000e\000m\000\040\000O\000v\000e\000r\000v\000i\000e\000w}{chapter.6}% 50
\BOOKMARK [2][-]{subsection.6.1.1}{\376\377\000M\000a\000i\000n\000\040\000C\000o\000m\000p\000o\000n\000e\000n\000t\000s}{section.6.1}% 51
\BOOKMARK [0][-]{chapter.7}{\376\377\000R\000e\000s\000u\000l\000t\000s}{}% 52
\BOOKMARK [1][-]{section.7.1}{\376\377\000E\000x\000p\000e\000r\000i\000m\000e\000n\000t\000a\000l\000\040\000S\000e\000t\000u\000p}{chapter.7}% 53
\BOOKMARK [1][-]{section.7.2}{\376\377\000B\000e\000n\000c\000h\000m\000a\000r\000k\000i\000n\000g\000\040\000P\000r\000o\000c\000e\000s\000s}{chapter.7}% 54
\BOOKMARK [2][-]{subsection.7.2.1}{\376\377\000M\000a\000i\000n\000\040\000C\000o\000m\000p\000o\000n\000e\000n\000t\000s}{section.7.2}% 55
\BOOKMARK [2][-]{subsection.7.2.2}{\376\377\000W\000o\000r\000k\000l\000o\000a\000d}{section.7.2}% 56
\BOOKMARK [2][-]{subsection.7.2.3}{\376\377\000B\000e\000n\000c\000h\000m\000a\000r\000k\000e\000r}{section.7.2}% 57
\BOOKMARK [1][-]{section.7.3}{\376\377\000R\000e\000s\000u\000l\000t\000s\000\040\000a\000n\000d\000\040\000D\000i\000s\000c\000u\000s\000s\000i\000o\000n}{chapter.7}% 58
\BOOKMARK [2][-]{subsection.7.3.1}{\376\377\000W\000i\000t\000h\000o\000u\000t\000\040\000a\000\040\000R\000a\000t\000e\000\040\000L\000i\000m\000i\000t}{section.7.3}% 59
\BOOKMARK [2][-]{subsection.7.3.2}{\376\377\000I\000m\000p\000l\000e\000m\000e\000n\000t\000i\000n\000g\000\040\000a\000\040\000R\000a\000t\000e\000\040\000L\000i\000m\000i\000t}{section.7.3}% 60
\BOOKMARK [1][-]{section.7.4}{\376\377\000I\000m\000p\000r\000o\000v\000e\000m\000e\000n\000t\000s\000\040\000a\000n\000d\000\040\000F\000u\000t\000u\000r\000e\000\040\000W\000o\000r\000k}{chapter.7}% 61
\BOOKMARK [1][-]{section.7.5}{\376\377\000C\000o\000n\000c\000l\000u\000s\000i\000o\000n}{chapter.7}% 62
\BOOKMARK [0][-]{chapter.8}{\376\377\000C\000o\000n\000c\000l\000u\000s\000i\000o\000n}{}% 63
